SF:lib/navigation/route_layer_provider.dart
DA:4,1
DA:9,1
DA:12,1
DA:14,1
DA:15,1
DA:19,1
DA:21,1
DA:23,1
DA:25,1
DA:27,1
DA:29,1
DA:31,1
DA:32,1
DA:37,1
DA:42,1
DA:45,1
DA:47,1
DA:48,1
DA:50,1
DA:52,1
DA:54,1
DA:56,1
DA:58,1
DA:60,1
DA:62,1
DA:64,1
DA:66,1
DA:67,1
DA:72,1
DA:74,1
DA:75,1
DA:76,1
DA:77,1
DA:78,1
DA:82,1
DA:84,1
DA:85,1
DA:87,1
DA:89,1
DA:91,1
DA:93,1
DA:100,1
DA:101,1
DA:102,1
DA:103,1
DA:104,1
DA:106,1
DA:107,1
DA:109,1
DA:111,1
DA:113,1
DA:115,1
DA:121,1
DA:123,1
DA:130,1
DA:132,1
DA:135,1
DA:137,1
LF:58
LH:58
end_of_record
SF:lib/model/route_request_params_constants.dart
DA:10,1
DA:11,1
DA:12,1
DA:24,1
DA:25,1
DA:26,1
DA:44,1
DA:45,1
DA:46,1
DA:47,1
DA:48,1
DA:63,1
DA:64,1
DA:65,1
DA:66,1
DA:78,1
DA:79,1
DA:80,1
DA:88,1
DA:89,1
DA:95,2
DA:96,2
DA:99,6
LF:23
LH:23
end_of_record
SF:lib/model/maneuver.dart
DA:14,2
DA:26,2
DA:27,2
DA:28,4
DA:29,4
DA:30,4
DA:31,2
DA:32,2
DA:33,2
DA:34,2
DA:35,2
DA:37,10
DA:41,1
DA:42,1
DA:43,1
DA:44,1
DA:45,2
DA:46,1
DA:47,1
DA:48,1
DA:49,1
DA:50,5
DA:53,3
DA:54,2
DA:65,2
DA:67,2
DA:68,2
DA:69,2
DA:70,2
DA:74,1
DA:75,3
DA:85,2
DA:92,2
DA:93,2
DA:94,2
DA:95,2
DA:96,4
DA:97,2
DA:101,1
DA:102,1
DA:103,1
DA:104,1
DA:105,1
DA:106,1
LF:44
LH:44
end_of_record
SF:lib/model/banner_instructions.dart
DA:9,0
DA:16,0
DA:17,0
DA:18,0
DA:19,0
DA:20,0
DA:21,0
DA:25,0
DA:26,0
DA:27,0
DA:28,0
DA:29,0
DA:30,0
DA:44,0
DA:54,0
DA:55,0
DA:56,0
DA:57,0
DA:58,0
DA:59,0
DA:60,0
DA:61,0
DA:62,0
DA:66,0
DA:67,0
DA:68,0
DA:69,0
DA:70,0
DA:71,0
DA:72,0
DA:73,0
DA:74,0
DA:92,0
DA:106,0
DA:107,0
DA:108,0
DA:109,0
DA:110,0
DA:111,0
DA:112,0
DA:113,0
DA:114,0
DA:115,0
DA:116,0
DA:117,0
DA:118,0
DA:122,0
DA:123,0
DA:124,0
DA:125,0
DA:126,0
DA:127,0
DA:128,0
DA:129,0
DA:130,0
DA:131,0
DA:132,0
DA:133,0
LF:58
LH:0
end_of_record
SF:lib/model/route_response.dart
DA:8,2
LF:1
LH:1
end_of_record
SF:lib/navigation/nb_navigation_map.dart
DA:17,1
DA:20,0
DA:23,0
DA:24,0
DA:26,0
DA:27,0
DA:31,1
DA:36,1
DA:38,1
DA:39,1
DA:43,1
DA:45,2
DA:48,1
DA:49,1
DA:50,1
DA:51,1
DA:52,1
DA:55,1
DA:56,2
DA:59,1
DA:60,1
DA:61,1
DA:62,1
DA:64,1
DA:65,1
DA:66,1
DA:67,1
DA:70,1
DA:71,2
DA:75,3
DA:76,3
DA:77,3
DA:78,1
DA:79,2
DA:82,1
DA:83,2
DA:86,4
DA:87,2
DA:91,4
DA:92,2
DA:95,2
DA:96,2
DA:99,2
DA:103,1
DA:105,2
DA:108,2
DA:109,1
DA:112,2
DA:113,2
DA:114,2
DA:115,2
DA:116,2
DA:119,2
DA:122,2
DA:126,2
DA:128,2
DA:129,2
DA:130,2
DA:131,2
DA:132,2
DA:135,2
DA:138,2
DA:141,2
DA:143,1
DA:144,1
DA:145,2
DA:148,2
DA:152,2
DA:154,2
DA:157,2
DA:161,2
DA:167,1
DA:169,2
DA:173,1
DA:177,1
DA:178,1
DA:179,2
DA:180,1
DA:183,1
DA:185,2
DA:188,1
DA:190,3
DA:191,1
DA:192,1
DA:195,4
DA:196,2
DA:197,1
DA:198,2
DA:199,2
DA:201,1
DA:204,1
DA:208,2
DA:209,1
DA:210,1
DA:211,2
DA:214,1
DA:215,2
DA:220,1
DA:221,2
DA:225,1
DA:226,6
DA:227,6
DA:228,1
DA:229,1
DA:231,3
DA:232,0
DA:233,0
DA:234,0
DA:236,0
DA:238,0
DA:239,0
DA:240,0
DA:243,0
DA:248,1
DA:249,1
DA:251,1
DA:252,1
DA:255,1
DA:257,1
DA:258,3
DA:259,1
DA:260,2
DA:264,0
DA:265,0
DA:268,0
DA:269,0
DA:273,0
DA:277,1
DA:278,2
DA:281,1
DA:282,3
DA:283,1
DA:284,1
DA:286,4
DA:287,3
DA:288,1
DA:289,3
DA:290,1
DA:291,2
DA:293,1
DA:294,2
DA:295,1
DA:296,2
DA:299,1
DA:301,1
DA:302,1
DA:305,1
DA:307,2
DA:311,2
DA:313,2
DA:317,2
DA:324,1
DA:327,3
DA:330,0
DA:331,0
DA:336,0
DA:338,0
DA:342,0
DA:343,0
DA:344,0
DA:345,0
DA:347,0
DA:350,0
DA:351,0
DA:352,0
DA:353,0
DA:355,0
DA:358,0
DA:359,0
DA:367,1
DA:369,2
DA:372,2
DA:376,1
DA:378,1
DA:379,2
DA:382,1
DA:383,2
DA:387,1
DA:388,3
DA:389,1
DA:390,3
DA:391,2
DA:392,1
DA:393,4
DA:395,2
DA:396,1
DA:397,4
DA:406,1
DA:407,2
DA:410,3
DA:411,0
DA:412,0
DA:417,0
DA:418,0
DA:421,0
DA:422,0
DA:423,0
DA:424,0
DA:425,0
DA:436,1
DA:437,2
DA:438,2
DA:442,1
DA:443,2
DA:444,2
DA:448,1
DA:450,2
DA:451,2
DA:455,1
DA:457,2
DA:458,2
LF:211
LH:168
end_of_record
SF:lib/model/navigation_launcher_config.dart
DA:56,2
DA:72,1
DA:73,1
DA:74,2
DA:75,5
DA:76,2
DA:77,2
DA:78,1
DA:79,1
DA:80,1
DA:81,1
LF:11
LH:11
end_of_record
SF:lib/navigation/route_line_properties.dart
DA:40,9
LF:1
LH:1
end_of_record
SF:lib/platform_channels/nb_navigation_platform.dart
DA:7,0
DA:9,0
LF:2
LH:0
end_of_record
SF:lib/model/intersections.dart
DA:12,2
DA:22,2
DA:23,2
DA:24,4
DA:25,4
DA:26,4
DA:27,2
DA:28,6
DA:29,4
DA:30,0
DA:31,2
DA:32,4
DA:36,1
DA:37,1
DA:38,1
DA:39,1
DA:40,1
DA:41,1
DA:42,5
DA:43,1
DA:44,2
DA:55,2
DA:62,2
DA:63,2
DA:64,4
DA:65,2
DA:66,2
DA:67,2
DA:71,1
DA:72,1
DA:73,1
DA:74,1
DA:75,1
DA:76,1
LF:34
LH:33
end_of_record
SF:lib/platform_channels/nb_navigation.dart
DA:5,2
DA:6,0
DA:9,0
DA:10,0
DA:14,2
DA:21,1
DA:23,2
DA:27,1
DA:29,2
DA:33,1
DA:34,2
DA:38,1
DA:39,2
DA:44,1
DA:46,2
DA:58,1
DA:59,2
DA:62,1
DA:64,1
DA:65,1
DA:69,1
DA:70,2
DA:82,2
DA:84,4
DA:89,1
DA:90,2
DA:94,1
DA:95,2
DA:99,1
DA:100,2
DA:104,1
DA:105,2
LF:32
LH:29
end_of_record
SF:lib/model/directions_route.dart
DA:15,3
DA:28,3
DA:29,3
DA:30,3
DA:31,3
DA:32,3
DA:33,13
DA:34,3
DA:35,9
DA:36,3
DA:37,3
DA:38,3
DA:39,3
DA:43,1
DA:44,1
DA:45,1
DA:46,1
DA:47,1
DA:48,5
DA:49,1
DA:50,2
DA:51,1
DA:52,1
DA:53,1
DA:54,1
DA:65,2
DA:72,2
DA:73,2
DA:74,4
DA:75,4
DA:76,10
DA:77,2
DA:81,1
DA:82,1
DA:83,2
DA:84,2
DA:85,5
DA:86,1
DA:94,2
DA:98,2
DA:99,2
DA:100,2
DA:104,1
DA:105,1
DA:106,1
DA:114,2
DA:118,2
DA:119,2
DA:120,2
DA:124,1
DA:125,1
DA:126,1
LF:52
LH:52
end_of_record
SF:lib/model/route_step.dart
DA:16,2
DA:30,2
DA:31,2
DA:33,6
DA:34,2
DA:35,2
DA:36,2
DA:37,8
DA:38,4
DA:39,2
DA:40,4
DA:41,4
DA:42,4
DA:43,2
DA:45,6
DA:49,1
DA:50,1
DA:51,3
DA:52,1
DA:53,1
DA:54,5
DA:55,2
DA:56,1
DA:57,2
DA:58,2
DA:59,2
DA:60,1
DA:61,3
DA:70,2
DA:75,2
DA:76,2
DA:77,2
DA:78,2
DA:82,1
DA:83,1
DA:84,1
DA:85,1
LF:37
LH:37
end_of_record
SF:lib/platform_channels/nb_navigation_method_channels_factory.dart
DA:6,1
LF:1
LH:1
end_of_record
SF:lib/util/time_format.dart
DA:4,1
DA:5,1
DA:6,2
DA:8,1
DA:9,1
DA:10,1
DA:13,1
LF:7
LH:7
end_of_record
SF:lib/model/route_request_params.dart
DA:83,3
DA:104,3
DA:105,3
DA:106,3
DA:108,0
DA:109,0
DA:110,0
DA:111,0
DA:112,0
DA:113,0
DA:114,0
DA:115,0
DA:116,0
DA:117,0
DA:118,0
DA:119,0
DA:120,0
DA:121,0
DA:122,0
DA:123,0
DA:124,0
DA:125,0
DA:126,0
DA:130,1
DA:131,1
DA:132,1
DA:133,1
DA:134,1
DA:135,1
DA:136,1
DA:137,2
DA:138,1
DA:139,1
DA:140,1
DA:141,2
DA:142,1
DA:143,1
DA:144,1
DA:145,1
DA:146,1
DA:147,1
DA:148,1
DA:149,1
LF:43
LH:24
end_of_record
SF:lib/platform_channels/nb_navigation_method_channels.dart
DA:7,1
DA:8,3
DA:11,1
DA:13,1
DA:14,3
DA:17,1
DA:19,1
DA:20,1
DA:21,1
DA:22,1
DA:23,1
DA:25,2
DA:26,2
DA:30,1
DA:34,1
DA:37,2
DA:38,1
DA:39,1
DA:42,1
DA:43,3
DA:44,1
DA:45,1
DA:46,2
DA:49,1
DA:51,0
DA:54,1
DA:55,1
DA:56,0
DA:57,0
DA:59,0
DA:61,0
DA:64,1
DA:68,1
DA:71,1
DA:72,1
DA:73,0
DA:74,0
DA:76,2
DA:77,2
DA:79,0
DA:81,0
DA:86,1
DA:89,1
DA:90,1
DA:91,0
DA:93,2
DA:95,2
DA:97,0
DA:99,0
DA:104,1
DA:107,1
DA:108,2
DA:109,1
DA:110,6
DA:111,1
DA:112,2
DA:116,1
DA:118,1
DA:119,1
DA:122,1
DA:124,1
DA:125,1
DA:127,2
DA:129,0
DA:131,0
DA:136,1
DA:139,2
DA:140,2
DA:141,0
DA:143,0
DA:149,1
DA:153,1
DA:154,0
DA:156,0
DA:161,1
DA:165,2
DA:166,1
DA:167,2
DA:170,0
DA:172,0
DA:178,1
DA:181,2
DA:183,1
DA:184,1
DA:186,2
DA:192,1
DA:195,2
DA:196,1
DA:197,0
DA:199,0
DA:205,1
DA:208,1
DA:209,1
DA:210,0
DA:212,0
DA:218,1
DA:221,1
DA:222,1
DA:223,0
DA:225,0
LF:100
LH:74
end_of_record
SF:lib/util/line_utils.dart
DA:3,2
DA:4,2
DA:7,2
DA:11,2
DA:16,2
DA:21,8
DA:22,4
DA:23,2
DA:24,2
DA:25,10
DA:30,8
DA:31,4
DA:32,2
DA:33,2
DA:34,10
DA:36,8
LF:16
LH:16
end_of_record
SF:lib/navigation/nb_map_controller_wrapper.dart
DA:230,1
DA:232,1
DA:233,2
DA:235,1
DA:237,2
DA:239,1
DA:241,2
DA:244,1
DA:246,2
DA:249,1
DA:251,2
DA:254,1
DA:256,2
DA:259,1
DA:262,2
DA:266,1
DA:268,2
DA:271,1
DA:274,2
DA:277,1
DA:286,2
DA:294,1
DA:303,2
DA:311,1
DA:320,2
DA:328,1
DA:337,2
DA:345,1
DA:354,2
DA:362,1
DA:369,2
DA:376,1
DA:383,2
DA:390,1
DA:397,2
DA:404,1
DA:407,2
DA:410,1
DA:412,2
DA:415,1
DA:417,2
DA:420,1
DA:422,2
DA:425,1
DA:427,2
DA:430,1
DA:432,2
DA:435,1
DA:437,2
DA:440,1
DA:443,2
DA:446,1
DA:448,2
DA:451,1
DA:453,2
DA:456,1
DA:458,2
DA:461,1
DA:463,2
DA:466,1
DA:468,2
DA:471,1
DA:473,2
DA:476,1
DA:478,2
DA:481,1
DA:483,2
DA:486,1
DA:488,2
DA:491,1
DA:493,2
DA:496,1
DA:498,2
DA:501,1
DA:503,2
DA:506,1
DA:508,2
DA:511,1
DA:514,2
DA:517,1
DA:519,2
DA:522,1
DA:524,2
DA:527,1
DA:529,2
DA:532,1
DA:534,2
DA:537,1
DA:539,2
DA:542,1
DA:544,2
DA:547,1
DA:549,2
DA:552,1
DA:554,2
DA:557,1
DA:559,2
DA:562,1
DA:564,2
DA:567,1
DA:569,2
DA:572,1
DA:575,2
DA:578,1
DA:581,2
DA:584,1
DA:586,2
DA:589,1
DA:591,2
DA:594,1
DA:596,2
DA:599,1
DA:601,2
DA:604,1
DA:606,2
DA:609,1
DA:611,2
DA:614,1
DA:616,2
DA:619,1
DA:621,2
DA:624,1
DA:626,2
DA:629,1
DA:632,2
DA:635,1
DA:638,2
DA:641,1
DA:643,2
DA:646,1
DA:649,2
DA:653,1
DA:657,2
DA:661,1
DA:663,2
DA:666,1
DA:668,2
DA:671,1
DA:673,2
DA:676,1
DA:678,2
DA:681,1
DA:683,2
DA:686,1
DA:688,2
DA:691,1
DA:693,2
DA:696,1
DA:698,2
DA:701,1
DA:710,2
DA:719,1
DA:721,2
DA:724,1
DA:726,2
DA:729,1
DA:731,2
LF:157
LH:157
end_of_record
SF:lib/util/asset_manager.dart
DA:13,1
DA:14,1
DA:17,1
DA:19,1
DA:22,1
DA:23,2
DA:24,2
LF:7
LH:7
end_of_record
